<?xml version="1.0" encoding="UTF-8"?>
<!-- Generated by org.testng.reporters.JUnitReportReporter -->
<testsuite hostname="ip-172-31-45-180" failures="0" tests="1" name="com.FacebookLoginPOM.TestPage.DashboardPageTest" time="20.779" errors="0" timestamp="2021-02-09T15:46:15 UTC" skipped="0">
  <testcase classname="com.FacebookLoginPOM.TestPage.DashboardPageTest" name="logoutTest" time="20.779"/>
  <system-out/>
</testsuite> <!-- com.FacebookLoginPOM.TestPage.DashboardPageTest -->
