<?xml version="1.0" encoding="UTF-8"?>
<!-- Generated by org.testng.reporters.JUnitReportReporter -->
<testsuite hostname="ip-172-31-45-180" failures="0" tests="1" name="com.MonsterLoginPOM.TestPage.SearchPageTest" time="16.812" errors="0" timestamp="2021-02-09T15:56:14 UTC" skipped="0">
  <testcase classname="com.MonsterLoginPOM.TestPage.SearchPageTest" name="searchPage" time="16.812"/>
  <system-out/>
</testsuite> <!-- com.MonsterLoginPOM.TestPage.SearchPageTest -->
