<?xml version="1.0" encoding="UTF-8"?>
<!-- Generated by org.testng.reporters.JUnitReportReporter -->
<testsuite hostname="ip-172-31-45-180" failures="0" tests="1" name="com.FacebookLoginPOM.TestPage.LoginPageTest" time="6.466" errors="0" timestamp="2021-02-09T15:37:28 UTC" skipped="0">
  <testcase classname="com.FacebookLoginPOM.TestPage.LoginPageTest" name="validLoginTest" time="6.466"/>
  <system-out/>
</testsuite> <!-- com.FacebookLoginPOM.TestPage.LoginPageTest -->
